<?xml version="1.0" encoding="UTF-8"?>
<testng-results skipped="0" failed="0" ignored="0" total="1" passed="1">
  <reporter-output>
  </reporter-output>
  <suite name="Command line suite" duration-ms="8" started-at="2018-11-09T06:42:01Z" finished-at="2018-11-09T06:42:01Z">
    <groups>
    </groups>
    <test name="Command line test" duration-ms="8" started-at="2018-11-09T06:42:01Z" finished-at="2018-11-09T06:42:01Z">
      <class name="TestProject.Testing.AppTest">
        <test-method status="PASS" signature="testApp()[pri:0, instance:testApp(TestProject.Testing.AppTest)]" name="testApp" duration-ms="1" started-at="2018-11-09T12:12:01Z" finished-at="2018-11-09T12:12:01Z">
          <reporter-output>
          </reporter-output>
        </test-method> <!-- testApp -->
      </class> <!-- TestProject.Testing.AppTest -->
    </test> <!-- Command line test -->
  </suite> <!-- Command line suite -->
</testng-results>
