<?xml version="1.0" encoding="UTF-8"?>
<testng-results skipped="0" failed="0" ignored="0" total="1" passed="1">
  <reporter-output>
  </reporter-output>
  <suite name="Command line suite" duration-ms="18844" started-at="2018-11-09T06:41:42Z" finished-at="2018-11-09T06:42:01Z">
    <groups>
    </groups>
    <test name="Command line test" duration-ms="18844" started-at="2018-11-09T06:41:42Z" finished-at="2018-11-09T06:42:01Z">
      <class name="TestProject.Testing.NewTest">
        <test-method status="PASS" signature="beforeClass()[pri:0, instance:TestProject.Testing.NewTest@73f792cf]" name="beforeClass" is-config="true" duration-ms="4159" started-at="2018-11-09T12:11:42Z" finished-at="2018-11-09T12:11:46Z">
          <reporter-output>
          </reporter-output>
        </test-method> <!-- beforeClass -->
        <test-method status="PASS" signature="openMyBlogagain()[pri:0, instance:TestProject.Testing.NewTest@73f792cf]" name="openMyBlogagain" duration-ms="13053" started-at="2018-11-09T12:11:46Z" finished-at="2018-11-09T12:11:59Z">
          <reporter-output>
          </reporter-output>
        </test-method> <!-- openMyBlogagain -->
        <test-method status="PASS" signature="afterClass()[pri:0, instance:TestProject.Testing.NewTest@73f792cf]" name="afterClass" is-config="true" duration-ms="1617" started-at="2018-11-09T12:11:59Z" finished-at="2018-11-09T12:12:01Z">
          <reporter-output>
          </reporter-output>
        </test-method> <!-- afterClass -->
      </class> <!-- TestProject.Testing.NewTest -->
    </test> <!-- Command line test -->
  </suite> <!-- Command line suite -->
</testng-results>
