<?xml version="1.0" encoding="UTF-8"?>
<testng-results skipped="0" failed="0" ignored="0" total="1" passed="1">
  <reporter-output>
  </reporter-output>
  <suite name="Default suite" duration-ms="10516" started-at="2018-11-09T06:29:23Z" finished-at="2018-11-09T06:29:34Z">
    <groups>
    </groups>
    <test name="Default test" duration-ms="10516" started-at="2018-11-09T06:29:23Z" finished-at="2018-11-09T06:29:34Z">
      <class name="TestProject.Testing.NewTest">
        <test-method status="PASS" signature="beforeClass()[pri:0, instance:TestProject.Testing.NewTest@61832929]" name="beforeClass" is-config="true" duration-ms="4271" started-at="2018-11-09T11:59:23Z" finished-at="2018-11-09T11:59:27Z">
          <reporter-output>
          </reporter-output>
        </test-method> <!-- beforeClass -->
        <test-method status="PASS" signature="openMyBlog()[pri:0, instance:TestProject.Testing.NewTest@61832929]" name="openMyBlog" duration-ms="4664" started-at="2018-11-09T11:59:27Z" finished-at="2018-11-09T11:59:32Z">
          <reporter-output>
          </reporter-output>
        </test-method> <!-- openMyBlog -->
        <test-method status="PASS" signature="afterClass()[pri:0, instance:TestProject.Testing.NewTest@61832929]" name="afterClass" is-config="true" duration-ms="1555" started-at="2018-11-09T11:59:32Z" finished-at="2018-11-09T11:59:34Z">
          <reporter-output>
          </reporter-output>
        </test-method> <!-- afterClass -->
      </class> <!-- TestProject.Testing.NewTest -->
    </test> <!-- Default test -->
  </suite> <!-- Default suite -->
</testng-results>
